     1     -1.99605346
     2     -1.98422940
     3     -1.96457450
     4     -1.93716632
     5     -1.90211303
     6     -1.85955296
     7     -1.80965409
     8     -1.75261335
     9     -1.68865583
    10     -1.61803397
    11     -1.54102646
    12     -1.45793723
    13     -1.36909418
    14     -1.27484794
    15     -1.17557046
    16     -1.07165354
    17     -0.96350730
    18     -0.85155853
    19     -0.73624904
    20     -0.61803392
    21     -0.49737970
    22     -0.37476255
    23     -0.25066639
    24     -0.12558096
    25     -0.00000009
    26     -0.12558113
    27     -0.25066656
    28     -0.37476273
    29     -0.49737987
    30     -0.61803409
    31     -0.73624921
    32     -0.85155868
    33     -0.96350745
    34     -1.07165369
    35     -1.17557060
    36     -1.27484808
    37     -1.36909431
    38     -1.45793735
    39     -1.54102657
    40     -1.61803407
    41     -1.68865593
    42     -1.75261343
    43     -1.80965417
    44     -1.85955303
    45     -1.90211308
    46     -1.93716636
    47     -1.96457453
    48     -1.98422942
    49     -1.99605347
    50     -2.00000000
    51      1.99605346
    52      1.98422940
    53      1.96457450
    54      1.93716632
    55      1.90211303
    56      1.85955296
    57      1.80965409
    58      1.75261335
    59      1.68865583
    60      1.61803397
    61      1.54102646
    62      1.45793723
    63      1.36909418
    64      1.27484794
    65      1.17557046
    66      1.07165354
    67      0.96350730
    68      0.85155853
    69      0.73624904
    70      0.61803392
    71      0.49737970
    72      0.37476255
    73      0.25066639
    74      0.12558096
    75      0.00000009
    76      0.12558113
    77      0.25066656
    78      0.37476273
    79      0.49737987
    80      0.61803409
    81      0.73624921
    82      0.85155868
    83      0.96350745
    84      1.07165369
    85      1.17557060
    86      1.27484808
    87      1.36909431
    88      1.45793735
    89      1.54102657
    90      1.61803407
    91      1.68865593
    92      1.75261343
    93      1.80965417
    94      1.85955303
    95      1.90211308
    96      1.93716636
    97      1.96457453
    98      1.98422942
    99      1.99605347
   100      2.00000000
