     1     -0.70814706
     2     -0.70767491
     3     -0.70688961
     4     -0.70579354
     5     -0.70439006
     6     -0.70268347
     7     -0.70067903
     8     -0.69838292
     9     -0.69580229
    10     -0.69294517
    11     -0.68982056
    12     -0.68643833
    13     -0.68280925
    14     -0.67894499
    15     -0.67485804
    16     -0.67056177
    17     -0.66607036
    18     -0.66139879
    19     -0.65656280
    20     -0.65157887
    21     -0.64646420
    22     -0.64123664
    23     -0.63591467
    24     -0.63051735
    25     -0.62506427
    26     -0.61957548
    27     -0.61407147
    28     -0.60857303
    29     -0.60310128
    30     -0.59767748
    31     -0.59232305
    32     -0.58705941
    33     -0.58190793
    34     -0.57688982
    35     -0.57202601
    36     -0.56733707
    37     -0.56284309
    38     -0.55856358
    39     -0.55451733
    40     -0.55072232
    41     -0.54719560
    42     -0.54395318
    43     -0.54100992
    44     -0.53837944
    45     -0.53607399
    46     -0.53410440
    47     -0.53247996
    48     -0.53120839
    49     -0.53029576
    50     -0.52974642
    51      1.52974642
    52      1.53029576
    53      1.53120839
    54      1.53247996
    55      1.53410440
    56      1.53607399
    57      1.53837944
    58      1.54100992
    59      1.54395318
    60      1.54719560
    61      1.55072232
    62      1.55451733
    63      1.55856358
    64      1.56284309
    65      1.56733707
    66      1.57202601
    67      1.57688982
    68      1.58190793
    69      1.58705941
    70      1.59232305
    71      1.59767748
    72      1.60310128
    73      1.60857303
    74      1.61407147
    75      1.61957548
    76      1.62506427
    77      1.63051735
    78      1.63591467
    79      1.64123664
    80      1.64646420
    81      1.65157887
    82      1.65656280
    83      1.66139879
    84      1.66607036
    85      1.67056177
    86      1.67485804
    87      1.67894499
    88      1.68280925
    89      1.68643833
    90      1.68982056
    91      1.69294517
    92      1.69580229
    93      1.69838292
    94      1.70067903
    95      1.70268347
    96      1.70439006
    97      1.70579354
    98      1.70688961
    99      1.70767491
   100      1.70814706
