     1     -1.10000000
     2     -1.09928292
     3     -1.09928292
     4     -1.09714021
     5     -1.09714021
     6     -1.09359741
     7     -1.09359741
     8     -1.08869708
     9     -1.08869708
    10     -1.08249868
    11     -1.08249868
    12     -1.07507847
    13     -1.07507847
    14     -1.06652932
    15     -1.06652932
    16     -1.05696043
    17     -1.05696043
    18     -1.04649695
    19     -1.04649695
    20     -1.03527938
    21     -1.03527938
    22     -1.02346288
    23     -1.02346288
    24     -1.01121615
    25     -1.01121615
    26     -0.99872013
    27     -0.99872013
    28     -0.98616618
    29     -0.98616618
    30     -0.97375387
    31     -0.97375387
    32     -0.96168817
    33     -0.96168817
    34     -0.95017611
    35     -0.95017611
    36     -0.93942280
    37     -0.93942280
    38     -0.92962695
    39     -0.92962695
    40     -0.92097590
    41     -0.92097590
    42     -0.91364034
    43     -0.91364034
    44     -0.90776908
    45     -0.90776908
    46     -0.90348402
    47     -0.90348402
    48     -0.90087572
    49     -0.90087572
    50     -0.90000000
    51      0.90000000
    52      0.90087572
    53      0.90087572
    54      0.90348402
    55      0.90348402
    56      0.90776908
    57      0.90776908
    58      0.91364034
    59      0.91364034
    60      0.92097590
    61      0.92097590
    62      0.92962695
    63      0.92962695
    64      0.93942280
    65      0.93942280
    66      0.95017611
    67      0.95017611
    68      0.96168817
    69      0.96168817
    70      0.97375387
    71      0.97375387
    72      0.98616618
    73      0.98616618
    74      0.99872013
    75      0.99872013
    76      1.01121615
    77      1.01121615
    78      1.02346288
    79      1.02346288
    80      1.03527938
    81      1.03527938
    82      1.04649695
    83      1.04649695
    84      1.05696043
    85      1.05696043
    86      1.06652932
    87      1.06652932
    88      1.07507847
    89      1.07507847
    90      1.08249868
    91      1.08249868
    92      1.08869708
    93      1.08869708
    94      1.09359741
    95      1.09359741
    96      1.09714021
    97      1.09714021
    98      1.09928292
    99      1.09928292
   100      1.10000000
